{
  "stats": {
    "suites": 2,
    "tests": 2,
    "passes": 2,
    "pending": 0,
    "failures": 0,
    "start": "2018-03-22T20:25:19.899Z",
    "end": "2018-03-22T20:25:29.008Z",
    "duration": 9109,
    "testsRegistered": 2,
    "passPercent": 100,
    "pendingPercent": 0,
    "other": 0,
    "hasOther": false,
    "skipped": 0,
    "hasSkipped": false,
    "passPercentClass": "success",
    "pendingPercentClass": "danger"
  },
  "suites": {
    "uuid": "c659e5af-9b87-41ce-b2f2-4df0004c7b8f",
    "title": "",
    "fullFile": "",
    "file": "",
    "beforeHooks": [],
    "afterHooks": [],
    "tests": [],
    "suites": [
      {
        "uuid": "b0db08c0-adcc-411e-ac59-e8ae6538b5d2",
        "title": "When the application is launched",
        "fullFile": "C:\\Ragav\\Work\\new_workspace\\codeblue\\sampleproduct-1-web\\acceptance_tests\\test\\pageSpec.js",
        "file": "\\test\\pageSpec.js",
        "beforeHooks": [
          {
            "title": "\"before all\" hook",
            "fullTitle": "When the application is launched \"before all\" hook",
            "timedOut": false,
            "duration": 4322,
            "pass": false,
            "fail": false,
            "pending": false,
            "code": "( done ) => {\n    browser\n        .goto( BASE_URL )\n        .evaluate(() => {\n          return localStorage.clear();\n        })\n        .then(() => {\n          done();\n        });",
            "err": {},
            "isRoot": false,
            "uuid": "d3ef36d6-aa81-4f85-a4cc-fea1ca8dd079",
            "isHook": true,
            "skipped": false
          }
        ],
        "afterHooks": [
          {
            "title": "\"after all\" hook",
            "fullTitle": "When the application is launched \"after all\" hook",
            "timedOut": false,
            "duration": 1,
            "pass": false,
            "fail": false,
            "pending": false,
            "code": "browser\n  .end();",
            "err": {},
            "isRoot": false,
            "uuid": "2d873a07-eafc-44de-91f3-b09edc641fb0",
            "isHook": true,
            "skipped": false
          }
        ],
        "tests": [
          {
            "title": "should see 3 menus on the top right",
            "fullTitle": "When the application is launched should see 3 menus on the top right",
            "timedOut": false,
            "duration": 38,
            "state": "passed",
            "speed": "medium",
            "pass": true,
            "fail": false,
            "pending": false,
            "code": "( done ) => {\n       browser\n         .wait(\"li\")\n         .evaluate(() => {\n           return document.querySelectorAll( \"li\" ).length;\n         })\n         .then(( res ) => {\n           expect( res ).to.eql( 3 );\n           done();\n         }).catch( onError )",
            "err": {},
            "isRoot": false,
            "uuid": "281c4406-9628-425a-b5d3-7aa2bfd87234",
            "isHook": false,
            "skipped": false
          }
        ],
        "suites": [],
        "passes": [
          "281c4406-9628-425a-b5d3-7aa2bfd87234"
        ],
        "failures": [],
        "pending": [],
        "skipped": [],
        "duration": 38,
        "root": false,
        "rootEmpty": false,
        "_timeout": 15000
      },
      {
        "uuid": "60a1e557-129d-4a92-b778-a285c85d512c",
        "title": "When the application is launched",
        "fullFile": "C:\\Ragav\\Work\\new_workspace\\codeblue\\sampleproduct-1-web\\acceptance_tests\\test\\welcomeSpec.js",
        "file": "\\test\\welcomeSpec.js",
        "beforeHooks": [
          {
            "title": "\"before all\" hook",
            "fullTitle": "When the application is launched \"before all\" hook",
            "timedOut": false,
            "duration": 4472,
            "pass": false,
            "fail": false,
            "pending": false,
            "code": "( done ) => {\n    browser\n        .goto( BASE_URL )\n        .evaluate(() => {\n          return localStorage.clear();\n        })\n        .then(() => {\n          done();\n        });",
            "err": {},
            "isRoot": false,
            "uuid": "02211f92-8ffd-4b27-a5f9-4499a6baab17",
            "isHook": true,
            "skipped": false
          }
        ],
        "afterHooks": [
          {
            "title": "\"after all\" hook",
            "fullTitle": "When the application is launched \"after all\" hook",
            "timedOut": false,
            "duration": 0,
            "pass": false,
            "fail": false,
            "pending": false,
            "code": "browser\n  .end();",
            "err": {},
            "isRoot": false,
            "uuid": "906f4bc7-ae1d-46d9-8676-bea95e5538fe",
            "isHook": true,
            "skipped": false
          }
        ],
        "tests": [
          {
            "title": "should see the welcome message",
            "fullTitle": "When the application is launched should see the welcome message",
            "timedOut": false,
            "duration": 252,
            "state": "passed",
            "speed": "slow",
            "pass": true,
            "fail": false,
            "pending": false,
            "code": "( done ) => {\n              browser\n                .wait(() => {\n                      return document.querySelectorAll( \"h2\" )[0].innerHTML !== \"\";\n                })\n                .evaluate(() => {\n                  return document.querySelectorAll( \"h2\" )[0].innerHTML;\n                })\n                .then(( res ) => {\n                  expect( res ).to.eql( \"Welcome to CodeBlue Immersion Lab.\" );\n                  done();\n                }).catch( onError );",
            "err": {},
            "isRoot": false,
            "uuid": "556bd19b-bd9f-482a-93f8-0c6d47496b72",
            "isHook": false,
            "skipped": false
          }
        ],
        "suites": [],
        "passes": [
          "556bd19b-bd9f-482a-93f8-0c6d47496b72"
        ],
        "failures": [],
        "pending": [],
        "skipped": [],
        "duration": 252,
        "root": false,
        "rootEmpty": false,
        "_timeout": 15000
      }
    ],
    "passes": [],
    "failures": [],
    "pending": [],
    "skipped": [],
    "duration": 0,
    "root": true,
    "rootEmpty": true,
    "_timeout": 2000
  },
  "copyrightYear": 2018
}