{
  "stats": {
    "suites": 2,
    "tests": 1,
    "passes": 1,
    "pending": 0,
    "failures": 0,
    "start": "2018-03-28T21:47:22.973Z",
    "end": "2018-03-28T21:47:46.997Z",
    "duration": 24024,
    "testsRegistered": 2,
    "passPercent": 50,
    "pendingPercent": 0,
    "other": 1,
    "hasOther": true,
    "skipped": 1,
    "hasSkipped": true,
    "passPercentClass": "danger",
    "pendingPercentClass": "danger"
  },
  "suites": {
    "uuid": "8c77bacf-368b-4e97-acb4-489f138c8b48",
    "title": "",
    "fullFile": "",
    "file": "",
    "beforeHooks": [],
    "afterHooks": [],
    "tests": [],
    "suites": [
      {
        "uuid": "3a5de49b-72c2-4035-87b2-256466e7155d",
        "title": "When the application is launched",
        "fullFile": "C:\\Ragav\\Work\\poc\\acceptance_tests\\test\\pageSpec.js",
        "file": "\\test\\pageSpec.js",
        "beforeHooks": [
          {
            "title": "\"before all\" hook",
            "fullTitle": "When the application is launched \"before all\" hook",
            "timedOut": true,
            "duration": 15005,
            "state": "failed",
            "pass": false,
            "fail": true,
            "pending": false,
            "code": "( done ) => {\n    browser\n        .goto( BASE_URL )\n        .evaluate(() => {\n          return localStorage.clear();\n        })\n        .then(() => {\n          done();\n        });",
            "err": {
              "message": "Error: Timeout of 15000ms exceeded. For async tests and hooks, ensure \"done()\" is called; if returning a Promise, ensure it resolves.",
              "estack": "Error: Timeout of 15000ms exceeded. For async tests and hooks, ensure \"done()\" is called; if returning a Promise, ensure it resolves."
            },
            "isRoot": false,
            "uuid": "03a0b85a-8cdb-4762-8d4a-f7b7c6734a39",
            "isHook": true,
            "skipped": false
          }
        ],
        "afterHooks": [
          {
            "title": "\"after all\" hook",
            "fullTitle": "When the application is launched \"after all\" hook",
            "timedOut": false,
            "duration": 0,
            "pass": false,
            "fail": false,
            "pending": false,
            "code": "browser\n  .end();",
            "err": {},
            "isRoot": false,
            "uuid": "42a6ea96-3836-487a-9b4c-0419ca6a9f1f",
            "isHook": true,
            "skipped": false
          }
        ],
        "tests": [
          {
            "title": "should see 3 menus on the top right",
            "fullTitle": "When the application is launched should see 3 menus on the top right",
            "timedOut": false,
            "duration": 0,
            "pass": false,
            "fail": false,
            "pending": false,
            "code": "( done ) => {\n       browser\n         .wait(\"li\")\n         .evaluate(() => {\n           return document.querySelectorAll( \"li\" ).length;\n         })\n         .then(( res ) => {\n           expect( res ).to.eql( 3 );\n           done();\n         }).catch( onError )",
            "err": {},
            "isRoot": false,
            "uuid": "61a41cf7-13c0-475c-b80e-c6218c24bf4d",
            "isHook": false,
            "skipped": true
          }
        ],
        "suites": [],
        "passes": [],
        "failures": [],
        "pending": [],
        "skipped": [
          "61a41cf7-13c0-475c-b80e-c6218c24bf4d"
        ],
        "duration": null,
        "root": false,
        "rootEmpty": false,
        "_timeout": 15000
      },
      {
        "uuid": "10a21db0-0461-4d8c-ad4e-bc04dcd7c393",
        "title": "When the application is launched",
        "fullFile": "C:\\Ragav\\Work\\poc\\acceptance_tests\\test\\welcomeSpec.js",
        "file": "\\test\\welcomeSpec.js",
        "beforeHooks": [
          {
            "title": "\"before all\" hook",
            "fullTitle": "When the application is launched \"before all\" hook",
            "timedOut": false,
            "duration": 6984,
            "pass": false,
            "fail": false,
            "pending": false,
            "code": "( done ) => {\n    browser\n        .goto( BASE_URL )\n        .evaluate(() => {\n          return localStorage.clear();\n        })\n        .then(() => {\n          done();\n        });",
            "err": {},
            "isRoot": false,
            "uuid": "11282cc2-640e-4e52-894f-d21c0a885e4e",
            "isHook": true,
            "skipped": false
          }
        ],
        "afterHooks": [
          {
            "title": "\"after all\" hook",
            "fullTitle": "When the application is launched \"after all\" hook",
            "timedOut": false,
            "duration": 0,
            "pass": false,
            "fail": false,
            "pending": false,
            "code": "browser\n  .end();",
            "err": {},
            "isRoot": false,
            "uuid": "10600855-e456-40a8-a45a-a67fd47dd897",
            "isHook": true,
            "skipped": false
          }
        ],
        "tests": [
          {
            "title": "should see the welcome message",
            "fullTitle": "When the application is launched should see the welcome message",
            "timedOut": false,
            "duration": 1997,
            "state": "passed",
            "speed": "slow",
            "pass": true,
            "fail": false,
            "pending": false,
            "code": "( done ) => {\n              browser\n                .wait(() => {\n                      return document.querySelectorAll( \"h2\" )[0].innerHTML !== \"\";\n                })\n                .evaluate(() => {\n                  return document.querySelectorAll( \"h2\" )[0].innerHTML;\n                })\n                .then(( res ) => {\n                  expect( res ).to.eql( \"Welcome to CodeBlue Immersion Lab.\" );\n                  done();\n                }).catch( onError );",
            "err": {},
            "isRoot": false,
            "uuid": "bb604e95-289a-4e43-b342-0c88d82cf577",
            "isHook": false,
            "skipped": false
          }
        ],
        "suites": [],
        "passes": [
          "bb604e95-289a-4e43-b342-0c88d82cf577"
        ],
        "failures": [],
        "pending": [],
        "skipped": [],
        "duration": 1997,
        "root": false,
        "rootEmpty": false,
        "_timeout": 15000
      }
    ],
    "passes": [],
    "failures": [],
    "pending": [],
    "skipped": [],
    "duration": 0,
    "root": true,
    "rootEmpty": true,
    "_timeout": 2000
  },
  "copyrightYear": 2018
}